antonio
runServer: no process found
java: no process found
rmiregistry: no process found
antonio
total 5736
drwxr-xr-x 7 hads hads    4096 2012-09-26 14:46 .
drwxr-xr-x 8 root root    4096 2011-09-26 12:03 ..
-rw------- 1 hads hads      60 2012-09-06 13:04 .Xauthority
-rw-r--r-- 1 hads hads    1387 2009-03-06 07:41 .bash_aliases
-rw------- 1 hads hads   18373 2012-09-25 15:41 .bash_history
-rw-r--r-- 1 hads hads     220 2011-09-26 12:03 .bash_logout
-rw-r--r-- 1 hads hads    3462 2011-10-04 14:41 .bashrc
drwx------ 2 hads hads    4096 2011-10-04 14:51 .cache
-rw-r--r-- 1 hads hads     675 2011-09-26 12:03 .profile
drwx------ 2 hads hads    4096 2012-06-11 15:13 .ssh
-rw-r--r-- 1 hads hads     179 2011-09-26 12:03 examples.desktop
-rwxr-xr-x 1 hads hads     232 2012-06-11 15:13 fillKnownHosts.sh
-r--r--r-- 1 hads hads 5793330 2012-07-23 11:08 hadsZeus.tgz
drwxr-xr-x 3 hads hads    4096 2012-06-28 11:47 src
drwxr-xr-x 2 hads hads    4096 2012-09-26 14:43 temp
drwxr-xr-x 2 hads hads    4096 2012-07-27 10:28 tmp
total 8
drwxr-xr-x 2 hads hads 4096 2012-09-26 14:43 .
drwxr-xr-x 7 hads hads 4096 2012-09-26 14:46 ..
ls: cannot access /tmp/*.log: No such file or directory
boerne
runServer: no process found
java: no process found
rmiregistry: no process found
boerne
total 5832
drwxr-xr-x 12 hads hads    4096 2012-09-26 14:46 .
drwxr-xr-x  8 root root    4096 2011-09-26 12:04 ..
-rw-------  1 hads hads      59 2012-07-12 10:59 .Xauthority
-rw-r--r--  1 hads hads    1387 2009-03-06 07:41 .bash_aliases
-rw-------  1 hads hads   10793 2012-07-19 08:07 .bash_history
-rw-r--r--  1 hads hads     220 2011-09-26 12:04 .bash_logout
-rw-r--r--  1 hads hads    3353 2011-09-26 12:04 .bashrc
drwx------  2 hads hads    4096 2011-10-04 14:51 .cache
-rw-r--r--  1 hads hads     675 2011-09-26 12:04 .profile
drwx------  2 hads hads    4096 2012-06-11 15:16 .ssh
drwxr-xr-x  2 hads hads    4096 2008-12-22 17:20 Backups
-rw-r--r--  1 hads hads    1771 2005-03-18 07:31 FakeWebServer.class
drwxr-xr-x  5 root root    4096 2011-10-04 14:09 Houston
drwxr-xr-x  2 hads hads    4096 2007-03-13 12:16 Ring
drwxr-xr-x  2 hads hads    4096 2008-12-09 17:26 TO_PRINT
-rwxr-xr-x  1 hads hads    4280 2007-03-13 11:17 antonio_knoppix.sh
-r-xr-xr-x  1 hads hads    4382 2007-01-30 15:40 boerne_knoppix.sh
-rw-r--r--  1 hads hads     179 2011-09-26 12:04 examples.desktop
-r--r--r--  1 hads hads   61640 2007-09-05 13:13 fiddleHADS.tgz
-rwxr-xr-x  1 hads hads     232 2012-06-11 15:13 fillKnownHosts.sh
-r--r--r--  1 hads hads 5793330 2012-07-23 11:08 hadsZeus.tgz
drwx------  6 hads hads    4096 2004-02-02 14:49 oldStuffRH
drwxr-xr-x  7 hads hads    4096 2010-01-25 18:02 src
drwxr-xr-x  2 hads hads    4096 2012-09-26 14:43 temp
drwxr-xr-x  2 hads hads    4096 2010-07-30 21:23 tmp
total 8
drwxr-xr-x  2 hads hads 4096 2012-09-26 14:43 .
drwxr-xr-x 12 hads hads 4096 2012-09-26 14:46 ..
ls: cannot access /tmp/*.log: No such file or directory
poteet
runServer: no process found
java: no process found
rmiregistry: no process found
poteet
total 68
drwxr-xr-x 7 hads hads 4096 2012-09-26 14:56 .
drwxr-xr-x 8 root root 4096 2011-09-26 12:04 ..
-rw------- 1 hads hads  118 2012-09-26 14:56 .Xauthority
-rw-r--r-- 1 hads hads 1387 2009-03-06 07:41 .bash_aliases
-rw------- 1 hads hads 3059 2012-09-20 15:22 .bash_history
-rw-r--r-- 1 hads hads  220 2011-09-26 12:04 .bash_logout
-rw-r--r-- 1 hads hads 3353 2011-09-26 12:04 .bashrc
drwx------ 2 hads hads 4096 2011-10-04 14:51 .cache
-rw-r--r-- 1 hads hads  675 2011-09-26 12:04 .profile
drwx------ 2 hads hads 4096 2012-06-11 15:17 .ssh
-rwxr-xr-x 1 hads hads 1022 2009-03-11 11:55 checkKnownHosts.sh
-rw-r--r-- 1 hads hads  179 2011-09-26 12:04 examples.desktop
-rwxr-xr-x 1 hads hads  232 2012-06-11 15:13 fillKnownHosts.sh
-rwxr-xr-x 1 hads hads  532 2009-03-10 16:16 resetKnownHosts.sh
drwxr-xr-x 3 hads hads 4096 2012-09-20 14:28 src
drwxr-xr-x 2 hads hads 4096 2012-09-26 14:44 temp
drwxr-xr-x 2 hads hads 4096 2012-09-20 14:28 tmp
total 8
drwxr-xr-x 2 hads hads 4096 2012-09-26 14:44 .
drwxr-xr-x 7 hads hads 4096 2012-09-26 14:56 ..
ls: cannot access /tmp/*.log: No such file or directory
schertz
runServer: no process found
java: no process found
rmiregistry: no process found
schertz
total 56
drwxr-xr-x 6 hads hads 4096 2012-09-26 14:46 .
drwxr-xr-x 8 root root 4096 2011-09-26 12:05 ..
-rw------- 1 hads hads   60 2012-06-28 11:42 .Xauthority
-rw-r--r-- 1 hads hads 1387 2009-03-06 07:41 .bash_aliases
-rw------- 1 hads hads  826 2012-07-19 08:08 .bash_history
-rw-r--r-- 1 hads hads  220 2011-09-26 12:05 .bash_logout
-rw-r--r-- 1 hads hads 3353 2011-09-26 12:05 .bashrc
drwx------ 2 hads hads 4096 2011-10-04 14:50 .cache
-rw-r--r-- 1 hads hads  675 2011-09-26 12:05 .profile
drwx------ 2 hads hads 4096 2012-06-11 15:19 .ssh
-rw-r--r-- 1 hads hads  179 2011-09-26 12:05 examples.desktop
-rwxr-xr-x 1 hads hads  232 2012-06-11 15:13 fillKnownHosts.sh
drwxr-xr-x 2 hads hads 4096 2012-09-26 14:43 temp
drwxr-xr-x 2 hads hads 4096 2009-06-04 15:37 tmp
total 8
drwxr-xr-x 2 hads hads 4096 2012-09-26 14:43 .
drwxr-xr-x 6 hads hads 4096 2012-09-26 14:46 ..
ls: cannot access /tmp/*.log: No such file or directory
antonio
tar: HADS/Generator/CurrentResources.class: time stamp 2012-09-26 14:57:03 is 32.305477417 s in the future
tar: HADS/Generator/Parameters.class: time stamp 2012-09-26 14:57:04 is 33.305170883 s in the future
tar: HADS/Generator/Statics.class: time stamp 2012-09-26 14:57:03 is 32.305092172 s in the future
tar: HADS/Generator/Statistics.class: time stamp 2012-09-26 14:57:04 is 33.305025614 s in the future
tar: HADS/Generator/TransGenerator.class: time stamp 2012-09-26 14:57:04 is 33.304955493 s in the future
tar: HADS/Generator/TransactionRequest.class: time stamp 2012-09-26 14:57:04 is 33.304900667 s in the future
tar: HADS/Generator/TransactionRequestFactory.class: time stamp 2012-09-26 14:57:04 is 33.30483781 s in the future
tar: HADS/Server/Constants.class: time stamp 2012-09-26 14:57:02 is 31.304750928 s in the future
tar: HADS/Server/CurrentResources.class: time stamp 2012-09-26 14:57:02 is 31.304682483 s in the future
tar: HADS/Server/ImageList.class: time stamp 2012-09-26 14:57:02 is 31.304627518 s in the future
tar: HADS/Server/ImageRecord.class: time stamp 2012-09-26 14:57:02 is 31.304574299 s in the future
tar: HADS/Server/Parameters.class: time stamp 2012-09-26 14:57:02 is 31.30451221 s in the future
tar: HADS/Server/ParentTransQueue.class: time stamp 2012-09-26 14:57:02 is 31.304459969 s in the future
tar: HADS/Server/PermanentProcessor.class: time stamp 2012-09-26 14:57:02 is 31.304391664 s in the future
tar: HADS/Server/ResultRecord.class: time stamp 2012-09-26 14:57:03 is 32.304069416 s in the future
tar: HADS/Server/ResultsQueue.class: time stamp 2012-09-26 14:57:03 is 32.304012496 s in the future
tar: HADS/Server/Server.class: time stamp 2012-09-26 14:57:03 is 32.303960743 s in the future
tar: HADS/Server/ServerImpl$1.class: time stamp 2012-09-26 14:57:03 is 32.303908921 s in the future
tar: HADS/Server/ServerImpl.class: time stamp 2012-09-26 14:57:03 is 32.302562032 s in the future
tar: HADS/Server/TemporaryProcessor.class: time stamp 2012-09-26 14:57:03 is 32.302503365 s in the future
tar: HADS/Server/Transaction.class: time stamp 2012-09-26 14:57:02 is 31.301234908 s in the future
tar: HADS/XML/DataHADS.class: time stamp 2012-09-26 14:57:01 is 30.300318031 s in the future
tar: HADS/XML/ParseHADS$1.class: time stamp 2012-09-26 14:57:01 is 30.300262507 s in the future
tar: HADS/XML/ParseHADS.class: time stamp 2012-09-26 14:57:01 is 30.300196787 s in the future
total 20
drwxr-xr-x 5 hads hads 4096 2012-09-26 14:56 .
drwxr-xr-x 8 hads hads 4096 2012-09-26 14:56 ..
drwxr-xr-x 2 hads hads 4096 2012-09-26 14:56 Generator
drwxr-xr-x 2 hads hads 4096 2012-09-26 14:56 Server
drwxr-xr-x 2 hads hads 4096 2012-09-26 14:56 XML
180	HADS
antonio
boerne
tar: HADS/Generator/CurrentResources.class: time stamp 2012-09-26 14:57:03 is 28.24205748 s in the future
tar: HADS/Generator/Parameters.class: time stamp 2012-09-26 14:57:04 is 29.241734041 s in the future
tar: HADS/Generator/Statics.class: time stamp 2012-09-26 14:57:03 is 28.241654351 s in the future
tar: HADS/Generator/Statistics.class: time stamp 2012-09-26 14:57:04 is 29.241587023 s in the future
tar: HADS/Generator/TransGenerator.class: time stamp 2012-09-26 14:57:04 is 29.241511733 s in the future
tar: HADS/Generator/TransactionRequest.class: time stamp 2012-09-26 14:57:04 is 29.241458234 s in the future
tar: HADS/Generator/TransactionRequestFactory.class: time stamp 2012-09-26 14:57:04 is 29.241396773 s in the future
tar: HADS/Server/Constants.class: time stamp 2012-09-26 14:57:02 is 27.241309679 s in the future
tar: HADS/Server/CurrentResources.class: time stamp 2012-09-26 14:57:02 is 27.241240396 s in the future
tar: HADS/Server/ImageList.class: time stamp 2012-09-26 14:57:02 is 27.24118536 s in the future
tar: HADS/Server/ImageRecord.class: time stamp 2012-09-26 14:57:02 is 27.241134026 s in the future
tar: HADS/Server/Parameters.class: time stamp 2012-09-26 14:57:02 is 27.241073263 s in the future
tar: HADS/Server/ParentTransQueue.class: time stamp 2012-09-26 14:57:02 is 27.241021091 s in the future
tar: HADS/Server/PermanentProcessor.class: time stamp 2012-09-26 14:57:02 is 27.240950551 s in the future
tar: HADS/Server/ResultRecord.class: time stamp 2012-09-26 14:57:03 is 28.240647156 s in the future
tar: HADS/Server/ResultsQueue.class: time stamp 2012-09-26 14:57:03 is 28.240591841 s in the future
tar: HADS/Server/Server.class: time stamp 2012-09-26 14:57:03 is 28.240540507 s in the future
tar: HADS/Server/ServerImpl$1.class: time stamp 2012-09-26 14:57:03 is 28.240489382 s in the future
tar: HADS/Server/ServerImpl.class: time stamp 2012-09-26 14:57:03 is 28.239147783 s in the future
tar: HADS/Server/TemporaryProcessor.class: time stamp 2012-09-26 14:57:03 is 28.239086671 s in the future
tar: HADS/Server/Transaction.class: time stamp 2012-09-26 14:57:02 is 27.237789492 s in the future
tar: HADS/XML/DataHADS.class: time stamp 2012-09-26 14:57:01 is 26.236906616 s in the future
tar: HADS/XML/ParseHADS$1.class: time stamp 2012-09-26 14:57:01 is 26.23685151 s in the future
tar: HADS/XML/ParseHADS.class: time stamp 2012-09-26 14:57:01 is 26.236786767 s in the future
total 20
drwxr-xr-x  5 hads hads 4096 2012-09-26 14:56 .
drwxr-xr-x 13 hads hads 4096 2012-09-26 14:56 ..
drwxr-xr-x  2 hads hads 4096 2012-09-26 14:56 Generator
drwxr-xr-x  2 hads hads 4096 2012-09-26 14:56 Server
drwxr-xr-x  2 hads hads 4096 2012-09-26 14:56 XML
180	HADS
boerne
poteet
total 20
drwxr-xr-x 5 hads hads 4096 2012-09-26 14:57 .
drwxr-xr-x 8 hads hads 4096 2012-09-26 14:57 ..
drwxr-xr-x 2 hads hads 4096 2012-09-26 14:57 Generator
drwxr-xr-x 2 hads hads 4096 2012-09-26 14:57 Server
drwxr-xr-x 2 hads hads 4096 2012-09-26 14:57 XML
180	HADS
poteet
schertz
tar: HADS/Generator/CurrentResources.class: time stamp 2012-09-26 14:57:03 is 20.222952642 s in the future
tar: HADS/Generator/Parameters.class: time stamp 2012-09-26 14:57:04 is 21.222646598 s in the future
tar: HADS/Generator/Statics.class: time stamp 2012-09-26 14:57:03 is 20.222571588 s in the future
tar: HADS/Generator/Statistics.class: time stamp 2012-09-26 14:57:04 is 21.222501328 s in the future
tar: HADS/Generator/TransGenerator.class: time stamp 2012-09-26 14:57:04 is 21.222425131 s in the future
tar: HADS/Generator/TransactionRequest.class: time stamp 2012-09-26 14:57:04 is 21.222375823 s in the future
tar: HADS/Generator/TransactionRequestFactory.class: time stamp 2012-09-26 14:57:04 is 21.222316738 s in the future
tar: HADS/Server/Constants.class: time stamp 2012-09-26 14:57:02 is 19.222229436 s in the future
tar: HADS/Server/CurrentResources.class: time stamp 2012-09-26 14:57:02 is 19.222162109 s in the future
tar: HADS/Server/ImageList.class: time stamp 2012-09-26 14:57:02 is 19.222110217 s in the future
tar: HADS/Server/ImageRecord.class: time stamp 2012-09-26 14:57:02 is 19.222059792 s in the future
tar: HADS/Server/Parameters.class: time stamp 2012-09-26 14:57:02 is 19.222003011 s in the future
tar: HADS/Server/ParentTransQueue.class: time stamp 2012-09-26 14:57:02 is 19.221951049 s in the future
tar: HADS/Server/PermanentProcessor.class: time stamp 2012-09-26 14:57:02 is 19.221884281 s in the future
tar: HADS/Server/ResultRecord.class: time stamp 2012-09-26 14:57:03 is 20.221591925 s in the future
tar: HADS/Server/ResultsQueue.class: time stamp 2012-09-26 14:57:03 is 20.221537728 s in the future
tar: HADS/Server/Server.class: time stamp 2012-09-26 14:57:03 is 20.221484509 s in the future
tar: HADS/Server/ServerImpl$1.class: time stamp 2012-09-26 14:57:03 is 20.221430662 s in the future
tar: HADS/Server/ServerImpl.class: time stamp 2012-09-26 14:57:03 is 20.220090548 s in the future
tar: HADS/Server/TemporaryProcessor.class: time stamp 2012-09-26 14:57:03 is 20.220029716 s in the future
tar: HADS/Server/Transaction.class: time stamp 2012-09-26 14:57:02 is 19.218754764 s in the future
tar: HADS/XML/DataHADS.class: time stamp 2012-09-26 14:57:01 is 18.217845152 s in the future
tar: HADS/XML/ParseHADS$1.class: time stamp 2012-09-26 14:57:01 is 18.217790257 s in the future
tar: HADS/XML/ParseHADS.class: time stamp 2012-09-26 14:57:01 is 18.217720555 s in the future
total 20
drwxr-xr-x 5 hads hads 4096 2012-09-26 14:56 .
drwxr-xr-x 7 hads hads 4096 2012-09-26 14:56 ..
drwxr-xr-x 2 hads hads 4096 2012-09-26 14:56 Generator
drwxr-xr-x 2 hads hads 4096 2012-09-26 14:56 Server
drwxr-xr-x 2 hads hads 4096 2012-09-26 14:56 XML
180	HADS
schertz
pwd=/home/hads/src/HADS
input = XML/four.xml
PID = 845
FILE = file845.xml
-rw-r--r-- 1 hads hads 1713 2012-09-26 14:56 HADS/XML/file845.xml
-rw-r--r-- 1 hads hads 1713 2012-09-26 14:56 HADS/XML/file845.xml
-rw-r--r-- 1 hads hads 1713 2012-09-26 14:57 HADS/XML/file845.xml
-rw-r--r-- 1 hads hads 1713 2012-09-26 14:56 HADS/XML/file845.xml
CLASSPATH=.:/home/hads/src java RunHADS XML/file845.xml
HOME=/home/hads, CLASSPATH=.:~, PID=1023

 fileName = XML/file845.xml
 BATCH_PREFIX = batch
 OUTPUT_PREFIX = output
 GENOUT_PREFIX = genout
 RESULTS_PREFIX = results
 MERGED_PREFIX = merged
 STATS_PREFIX = statistics
 UPPER_BOUND = { 2000 }
 COST_BOUND = { 200 }
 COST_PCT = { 116 }
 GEN_DELAY = 1000
 NUM_TRANS = 200
 DONATION_INTERVAL = 0
 DONATION_MIN = { 8 }
 DONATION_MAX = { 32 }
 FLIP_DECINC_INTERVAL = 0
 NUM_SERVERS = 4
 NUM_RES_TYPES = 1
 ALL_DECS_OR_INCS = true
 SERVER antonio.rowan.edu has RATIO 2
    MIN_CHANGE = { 3 }
    MAX_CHANGE = { 9 }
    DEC_RATIO = { 10 }
    INC_RATIO = { 5 }
 SERVER boerne.rowan.edu has RATIO 3
    MIN_CHANGE = { 3 }
    MAX_CHANGE = { 9 }
    DEC_RATIO = { 10 }
    INC_RATIO = { 5 }
 SERVER poteet.rowan.edu has RATIO 4
    MIN_CHANGE = { 3 }
    MAX_CHANGE = { 9 }
    DEC_RATIO = { 10 }
    INC_RATIO = { 5 }
 SERVER schertz.rowan.edu has RATIO 5
    MIN_CHANGE = { 3 }
    MAX_CHANGE = { 9 }
    DEC_RATIO = { 10 }
    INC_RATIO = { 5 }
 GENERATOR = poteet.rowan.edu
ssh antonio.rowan.edu 'cd ~/temp; CLASSPATH=.:~ java HADS.Server.ServerImpl ../HADS/XML/file845.xml 1023 antonio.rowan.edu  </dev/null 1>output1023-antonio.rowan.edu 2>&1 &'; echo 'past ssh to server'
stdout:past ssh to server
stderr:
DONE: ssh antonio.rowan.edu 'cd ~/temp; CLASSPATH=.:~ java HADS.Server.ServerImpl ../HADS/XML/file845.xml 1023 antonio.rowan.edu  </dev/null 1>output1023-antonio.rowan.edu 2>&1 &'; echo 'past ssh to server'
ssh boerne.rowan.edu 'cd ~/temp; CLASSPATH=.:~ java HADS.Server.ServerImpl ../HADS/XML/file845.xml 1023 boerne.rowan.edu  </dev/null 1>output1023-boerne.rowan.edu 2>&1 &'; echo 'past ssh to server'
stdout:past ssh to server
stderr:
DONE: ssh boerne.rowan.edu 'cd ~/temp; CLASSPATH=.:~ java HADS.Server.ServerImpl ../HADS/XML/file845.xml 1023 boerne.rowan.edu  </dev/null 1>output1023-boerne.rowan.edu 2>&1 &'; echo 'past ssh to server'
ssh poteet.rowan.edu 'cd ~/temp; CLASSPATH=.:~ java HADS.Server.ServerImpl ../HADS/XML/file845.xml 1023 poteet.rowan.edu  </dev/null 1>output1023-poteet.rowan.edu 2>&1 &'; echo 'past ssh to server'
stdout:past ssh to server
stderr:
DONE: ssh poteet.rowan.edu 'cd ~/temp; CLASSPATH=.:~ java HADS.Server.ServerImpl ../HADS/XML/file845.xml 1023 poteet.rowan.edu  </dev/null 1>output1023-poteet.rowan.edu 2>&1 &'; echo 'past ssh to server'
ssh schertz.rowan.edu 'cd ~/temp; CLASSPATH=.:~ java HADS.Server.ServerImpl ../HADS/XML/file845.xml 1023 schertz.rowan.edu  </dev/null 1>output1023-schertz.rowan.edu 2>&1 &'; echo 'past ssh to server'
stdout:past ssh to server
stderr:
DONE: ssh schertz.rowan.edu 'cd ~/temp; CLASSPATH=.:~ java HADS.Server.ServerImpl ../HADS/XML/file845.xml 1023 schertz.rowan.edu  </dev/null 1>output1023-schertz.rowan.edu 2>&1 &'; echo 'past ssh to server'
cd ~/temp; CLASSPATH=.:~ java HADS.Generator.TransGenerator ../HADS/XML/file845.xml 1023  1>genout1023-poteet.rowan.edu 2>&1
stdout:stderr:
DONE: cd ~/temp; CLASSPATH=.:~ java HADS.Generator.TransGenerator ../HADS/XML/file845.xml 1023  1>genout1023-poteet.rowan.edu 2>&1
cd /home/hads/temp; sort -n +0 -1 <merged1023-poteet.rowan.edu >merged1023-poteet.rowan.edu.sorted
stdout:stderr:
DONE: cd /home/hads/temp; sort -n +0 -1 <merged1023-poteet.rowan.edu >merged1023-poteet.rowan.edu.sorted
cd /home/hads/temp; enscript -MLetter -r -pbatch1023-poteet.rowan.edu.ps -fCourier9 batch1023-poteet.rowan.edu
stdout:stderr:[ 4 pages * 1 copy ] left in batch1023-poteet.rowan.edu.ps

DONE: cd /home/hads/temp; enscript -MLetter -r -pbatch1023-poteet.rowan.edu.ps -fCourier9 batch1023-poteet.rowan.edu
cd /home/hads/temp; enscript -MLetter -r -pmerged1023-poteet.rowan.edu.ps -fCourier9 merged1023-poteet.rowan.edu.sorted
stdout:stderr:[ 8 pages * 1 copy ] left in merged1023-poteet.rowan.edu.ps
200 lines were wrapped

DONE: cd /home/hads/temp; enscript -MLetter -r -pmerged1023-poteet.rowan.edu.ps -fCourier9 merged1023-poteet.rowan.edu.sorted
cd /home/hads/temp; CLASSPATH=.:~ java HADS.Generator.Statistics ../HADS/XML/file845.xml 1023 merged1023-poteet.rowan.edu.sorted >statistics1023-poteet.rowan.edu
stdout:stderr:
DONE: cd /home/hads/temp; CLASSPATH=.:~ java HADS.Generator.Statistics ../HADS/XML/file845.xml 1023 merged1023-poteet.rowan.edu.sorted >statistics1023-poteet.rowan.edu
cd /home/hads/temp; cat statistics1023-poteet.rowan.edu
stdout:Statistics args: ../HADS/XML/file845.xml, 1023, merged1023-poteet.rowan.edu.sorted
XML file name = ../HADS/XML/file845.xml
pid = 1023
input file name = merged1023-poteet.rowan.edu.sorted
numResourceTypes = 1
dataHADS = 
 fileName = ../HADS/XML/file845.xml
 BATCH_PREFIX = batch
 OUTPUT_PREFIX = output
 GENOUT_PREFIX = genout
 RESULTS_PREFIX = results
 MERGED_PREFIX = merged
 STATS_PREFIX = statistics
 UPPER_BOUND = { 2000 }
 COST_BOUND = { 200 }
 COST_PCT = { 116 }
 GEN_DELAY = 1000
 NUM_TRANS = 200
 DONATION_INTERVAL = 0
 DONATION_MIN = { 8 }
 DONATION_MAX = { 32 }
 FLIP_DECINC_INTERVAL = 0
 NUM_SERVERS = 4
 NUM_RES_TYPES = 1
 ALL_DECS_OR_INCS = true
 SERVER antonio.rowan.edu has RATIO 2
    MIN_CHANGE = { 3 }
    MAX_CHANGE = { 9 }
    DEC_RATIO = { 10 }
    INC_RATIO = { 5 }
 SERVER boerne.rowan.edu has RATIO 3
    MIN_CHANGE = { 3 }
    MAX_CHANGE = { 9 }
    DEC_RATIO = { 10 }
    INC_RATIO = { 5 }
 SERVER poteet.rowan.edu has RATIO 4
    MIN_CHANGE = { 3 }
    MAX_CHANGE = { 9 }
    DEC_RATIO = { 10 }
    INC_RATIO = { 5 }
 SERVER schertz.rowan.edu has RATIO 5
    MIN_CHANGE = { 3 }
    MAX_CHANGE = { 9 }
    DEC_RATIO = { 10 }
    INC_RATIO = { 5 }
 GENERATOR = poteet.rowan.edu
number of transactions           200
number of donations              0
sum of donations                 { 0 }
done optimistically              166
undone                           10
violations                       36
done optimistically fraction all 0.83
undone fraction optimistic       0.060240965
undone fraction all              0.05
average PRT/ORT ratio            17.198702
maximum PRT/ORT ratio            81.0
number of  1.0 <= ratio <  5.0  14
number of  5.0 <= ratio < 10.0  32
number of 10.0 <= ratio < 15.0  12
number of 15.0 <= ratio         108
number of zero ORTs=0, number of negative ORTs=0
avgPRT=49.70482, minPRT=30.0, maxPRT=231.0
avgORT=3.5301204, minORT=1.0, maxORT=16.0
vTuT=10, vTuF=26, vFuT=0, vFuF=164
antonio.rowan.edu received 24 transactions,
 of which 8 were violations, of which 0 were donations
 did 6 of them (ones it is parent of) optimistically,
 did 18 transactions optimistically overall
 did this much work optimistically { 104 }
 of which work { 4 } were violations, and { 4 } were violations undone
 did this much work pessimistically (excluding donations) { 93 }
boerne.rowan.edu received 52 transactions,
 of which 8 were violations, of which 0 were donations
 did 35 of them (ones it is parent of) optimistically,
 did 44 transactions optimistically overall
 did this much work optimistically { 236 }
 of which work { 6 } were violations, and { 6 } were violations undone
 did this much work pessimistically (excluding donations) { 249 }
poteet.rowan.edu received 57 transactions,
 of which 7 were violations, of which 0 were donations
 did 37 of them (ones it is parent of) optimistically,
 did 48 transactions optimistically overall
 did this much work optimistically { 301 }
 of which work { 20 } were violations, and { 20 } were violations undone
 did this much work pessimistically (excluding donations) { 314 }
schertz.rowan.edu received 67 transactions,
 of which 13 were violations, of which 0 were donations
 did 49 of them (ones it is parent of) optimistically,
 did 56 transactions optimistically overall
 did this much work optimistically { 349 }
 of which work { 31 } were violations, and { 31 } were violations undone
 did this much work pessimistically (excluding donations) { 328 }
transactionID=199
stderr:
DONE: cd /home/hads/temp; cat statistics1023-poteet.rowan.edu
cd /home/hads/temp; enscript -MLetter -pstatistics1023-poteet.rowan.edu.ps -fCourier10 statistics1023-poteet.rowan.edu
stdout:stderr:[ 2 pages * 1 copy ] left in statistics1023-poteet.rowan.edu.ps

DONE: cd /home/hads/temp; enscript -MLetter -pstatistics1023-poteet.rowan.edu.ps -fCourier10 statistics1023-poteet.rowan.edu
ssh antonio.rowan.edu 'scp ~/temp/*1023* poteet.rowan.edu:temp; rm -f ~/temp/*1023*' </dev/null 2>/dev/null 1>/dev/null
stdout:stderr:
DONE: ssh antonio.rowan.edu 'scp ~/temp/*1023* poteet.rowan.edu:temp; rm -f ~/temp/*1023*' </dev/null 2>/dev/null 1>/dev/null
ssh boerne.rowan.edu 'scp ~/temp/*1023* poteet.rowan.edu:temp; rm -f ~/temp/*1023*' </dev/null 2>/dev/null 1>/dev/null
stdout:stderr:
DONE: ssh boerne.rowan.edu 'scp ~/temp/*1023* poteet.rowan.edu:temp; rm -f ~/temp/*1023*' </dev/null 2>/dev/null 1>/dev/null
ssh schertz.rowan.edu 'scp ~/temp/*1023* poteet.rowan.edu:temp; rm -f ~/temp/*1023*' </dev/null 2>/dev/null 1>/dev/null
stdout:stderr:
DONE: ssh schertz.rowan.edu 'scp ~/temp/*1023* poteet.rowan.edu:temp; rm -f ~/temp/*1023*' </dev/null 2>/dev/null 1>/dev/null
mkdir /home/hads/src/HADS/Results/1023; cd /home/hads/src/HADS/Results/1023; mv /home/hads/temp/*1023* .
stdout:stderr:
DONE: mkdir /home/hads/src/HADS/Results/1023; cd /home/hads/src/HADS/Results/1023; mv /home/hads/temp/*1023* .
cd /home/hads/src/HADS/Results/1023; enscript -MLetter -pgenout1023-poteet.rowan.edu.ps -fCourier7 genout1023-poteet.rowan.edu
stdout:stderr:[ 8 pages * 1 copy ] left in genout1023-poteet.rowan.edu.ps
1 line was wrapped

DONE: cd /home/hads/src/HADS/Results/1023; enscript -MLetter -pgenout1023-poteet.rowan.edu.ps -fCourier7 genout1023-poteet.rowan.edu
cd /home/hads/src/HADS/Results/1023; enscript -MLetter -poutput1023-antonio.rowan.edu.ps -fCourier7 output1023-antonio.rowan.edu
stdout:stderr:[ 7 pages * 1 copy ] left in output1023-antonio.rowan.edu.ps
25 lines were wrapped

DONE: cd /home/hads/src/HADS/Results/1023; enscript -MLetter -poutput1023-antonio.rowan.edu.ps -fCourier7 output1023-antonio.rowan.edu
cd /home/hads/src/HADS/Results/1023; enscript -MLetter -poutput1023-boerne.rowan.edu.ps -fCourier7 output1023-boerne.rowan.edu
stdout:stderr:[ 9 pages * 1 copy ] left in output1023-boerne.rowan.edu.ps
53 lines were wrapped

DONE: cd /home/hads/src/HADS/Results/1023; enscript -MLetter -poutput1023-boerne.rowan.edu.ps -fCourier7 output1023-boerne.rowan.edu
cd /home/hads/src/HADS/Results/1023; enscript -MLetter -poutput1023-poteet.rowan.edu.ps -fCourier7 output1023-poteet.rowan.edu
stdout:stderr:[ 9 pages * 1 copy ] left in output1023-poteet.rowan.edu.ps
58 lines were wrapped

DONE: cd /home/hads/src/HADS/Results/1023; enscript -MLetter -poutput1023-poteet.rowan.edu.ps -fCourier7 output1023-poteet.rowan.edu
cd /home/hads/src/HADS/Results/1023; enscript -MLetter -poutput1023-schertz.rowan.edu.ps -fCourier7 output1023-schertz.rowan.edu
stdout:stderr:[ 10 pages * 1 copy ] left in output1023-schertz.rowan.edu.ps
68 lines were wrapped

DONE: cd /home/hads/src/HADS/Results/1023; enscript -MLetter -poutput1023-schertz.rowan.edu.ps -fCourier7 output1023-schertz.rowan.edu
DONE
rm XML/file845.xml
antonio
runServer: no process found
antonio
total 5736
drwxr-xr-x 7 hads hads    4096 2012-09-26 15:04 .
drwxr-xr-x 8 root root    4096 2011-09-26 12:03 ..
-rw------- 1 hads hads      60 2012-09-26 14:57 .Xauthority
-rw-r--r-- 1 hads hads    1387 2009-03-06 07:41 .bash_aliases
-rw------- 1 hads hads   18373 2012-09-25 15:41 .bash_history
-rw-r--r-- 1 hads hads     220 2011-09-26 12:03 .bash_logout
-rw-r--r-- 1 hads hads    3462 2011-10-04 14:41 .bashrc
drwx------ 2 hads hads    4096 2011-10-04 14:51 .cache
-rw-r--r-- 1 hads hads     675 2011-09-26 12:03 .profile
drwx------ 2 hads hads    4096 2012-06-11 15:13 .ssh
-rw-r--r-- 1 hads hads     179 2011-09-26 12:03 examples.desktop
-rwxr-xr-x 1 hads hads     232 2012-06-11 15:13 fillKnownHosts.sh
-r--r--r-- 1 hads hads 5793330 2012-07-23 11:08 hadsZeus.tgz
drwxr-xr-x 3 hads hads    4096 2012-06-28 11:47 src
drwxr-xr-x 2 hads hads    4096 2012-09-26 15:04 temp
drwxr-xr-x 2 hads hads    4096 2012-07-27 10:28 tmp
total 8
drwxr-xr-x 2 hads hads 4096 2012-09-26 15:04 .
drwxr-xr-x 7 hads hads 4096 2012-09-26 15:04 ..
-rw-r--r-- 1 hads hads 8 2012-09-26 15:00 /tmp/undo1023-antonio.rowan.edu.log
boerne
runServer: no process found
boerne
total 5832
drwxr-xr-x 12 hads hads    4096 2012-09-26 15:04 .
drwxr-xr-x  8 root root    4096 2011-09-26 12:04 ..
-rw-------  1 hads hads      59 2012-07-12 10:59 .Xauthority
-rw-r--r--  1 hads hads    1387 2009-03-06 07:41 .bash_aliases
-rw-------  1 hads hads   10793 2012-07-19 08:07 .bash_history
-rw-r--r--  1 hads hads     220 2011-09-26 12:04 .bash_logout
-rw-r--r--  1 hads hads    3353 2011-09-26 12:04 .bashrc
drwx------  2 hads hads    4096 2011-10-04 14:51 .cache
-rw-r--r--  1 hads hads     675 2011-09-26 12:04 .profile
drwx------  2 hads hads    4096 2012-06-11 15:16 .ssh
drwxr-xr-x  2 hads hads    4096 2008-12-22 17:20 Backups
-rw-r--r--  1 hads hads    1771 2005-03-18 07:31 FakeWebServer.class
drwxr-xr-x  5 root root    4096 2011-10-04 14:09 Houston
drwxr-xr-x  2 hads hads    4096 2007-03-13 12:16 Ring
drwxr-xr-x  2 hads hads    4096 2008-12-09 17:26 TO_PRINT
-rwxr-xr-x  1 hads hads    4280 2007-03-13 11:17 antonio_knoppix.sh
-r-xr-xr-x  1 hads hads    4382 2007-01-30 15:40 boerne_knoppix.sh
-rw-r--r--  1 hads hads     179 2011-09-26 12:04 examples.desktop
-r--r--r--  1 hads hads   61640 2007-09-05 13:13 fiddleHADS.tgz
-rwxr-xr-x  1 hads hads     232 2012-06-11 15:13 fillKnownHosts.sh
-r--r--r--  1 hads hads 5793330 2012-07-23 11:08 hadsZeus.tgz
drwx------  6 hads hads    4096 2004-02-02 14:49 oldStuffRH
drwxr-xr-x  7 hads hads    4096 2010-01-25 18:02 src
drwxr-xr-x  2 hads hads    4096 2012-09-26 15:04 temp
drwxr-xr-x  2 hads hads    4096 2010-07-30 21:23 tmp
total 8
drwxr-xr-x  2 hads hads 4096 2012-09-26 15:04 .
drwxr-xr-x 12 hads hads 4096 2012-09-26 15:04 ..
-rw-r--r-- 1 hads hads 8 2012-09-26 15:00 /tmp/undo1023-boerne.rowan.edu.log
poteet
runServer: no process found
java: no process found
poteet
total 68
drwxr-xr-x 7 hads hads 4096 2012-09-26 15:05 .
drwxr-xr-x 8 root root 4096 2011-09-26 12:04 ..
-rw------- 1 hads hads  118 2012-09-26 14:56 .Xauthority
-rw-r--r-- 1 hads hads 1387 2009-03-06 07:41 .bash_aliases
-rw------- 1 hads hads 3059 2012-09-20 15:22 .bash_history
-rw-r--r-- 1 hads hads  220 2011-09-26 12:04 .bash_logout
-rw-r--r-- 1 hads hads 3353 2011-09-26 12:04 .bashrc
drwx------ 2 hads hads 4096 2011-10-04 14:51 .cache
-rw-r--r-- 1 hads hads  675 2011-09-26 12:04 .profile
drwx------ 2 hads hads 4096 2012-06-11 15:17 .ssh
-rwxr-xr-x 1 hads hads 1022 2009-03-11 11:55 checkKnownHosts.sh
-rw-r--r-- 1 hads hads  179 2011-09-26 12:04 examples.desktop
-rwxr-xr-x 1 hads hads  232 2012-06-11 15:13 fillKnownHosts.sh
-rwxr-xr-x 1 hads hads  532 2009-03-10 16:16 resetKnownHosts.sh
drwxr-xr-x 3 hads hads 4096 2012-09-20 14:28 src
drwxr-xr-x 2 hads hads 4096 2012-09-26 15:05 temp
drwxr-xr-x 2 hads hads 4096 2012-09-20 14:28 tmp
total 8
drwxr-xr-x 2 hads hads 4096 2012-09-26 15:05 .
drwxr-xr-x 7 hads hads 4096 2012-09-26 15:05 ..
ls: cannot access /tmp/*.log: No such file or directory
schertz
runServer: no process found
java: no process found
schertz
total 56
drwxr-xr-x 6 hads hads 4096 2012-09-26 15:04 .
drwxr-xr-x 8 root root 4096 2011-09-26 12:05 ..
-rw------- 1 hads hads   60 2012-06-28 11:42 .Xauthority
-rw-r--r-- 1 hads hads 1387 2009-03-06 07:41 .bash_aliases
-rw------- 1 hads hads  826 2012-07-19 08:08 .bash_history
-rw-r--r-- 1 hads hads  220 2011-09-26 12:05 .bash_logout
-rw-r--r-- 1 hads hads 3353 2011-09-26 12:05 .bashrc
drwx------ 2 hads hads 4096 2011-10-04 14:50 .cache
-rw-r--r-- 1 hads hads  675 2011-09-26 12:05 .profile
drwx------ 2 hads hads 4096 2012-06-11 15:19 .ssh
-rw-r--r-- 1 hads hads  179 2011-09-26 12:05 examples.desktop
-rwxr-xr-x 1 hads hads  232 2012-06-11 15:13 fillKnownHosts.sh
drwxr-xr-x 2 hads hads 4096 2012-09-26 15:04 temp
drwxr-xr-x 2 hads hads 4096 2009-06-04 15:37 tmp
total 8
drwxr-xr-x 2 hads hads 4096 2012-09-26 15:04 .
drwxr-xr-x 6 hads hads 4096 2012-09-26 15:04 ..
ls: cannot access /tmp/*.log: No such file or directory
